<?xml version="1.0" encoding="UTF-8"?>
<!-- Generated by org.testng.reporters.JUnitReportReporter -->
<testsuite hostname="Lakshmi_Mukund" failures="0" tests="5" name="com.automation.runners.SalesforceLoginRunner" time="23.414" errors="0" timestamp="2023-11-10T20:53:36 CST" skipped="0">
  <testcase classname="com.automation.runners.SalesforceLoginRunner" name="runScenario" time="2.126"/>
  <system-out/>
  <testcase classname="com.automation.runners.SalesforceLoginRunner" name="runScenario" time="2.707"/>
  <system-out/>
  <testcase classname="com.automation.runners.SalesforceLoginRunner" name="runScenario" time="11.444"/>
  <system-out/>
  <testcase classname="com.automation.runners.SalesforceLoginRunner" name="runScenario" time="4.878"/>
  <system-out/>
  <testcase classname="com.automation.runners.SalesforceLoginRunner" name="runScenario" time="2.259"/>
  <system-out/>
</testsuite> <!-- com.automation.runners.SalesforceLoginRunner -->
